# JRE version: OpenJDK Runtime Environment (22.0.1+8) (build 22.0.1+8-16)
# Java VM: OpenJDK 64-Bit Server VM (22.0.1+8-16, mixed mode, sharing, tiered, compressed oops, compressed class ptrs, g1 gc, windows-amd64)
GC Precious Log:
 CardTable entry size: 512
 Card Set container configuration: InlinePtr #cards 5 size 8 Array Of Cards #cards 12 size 40 Howl #buckets 4 coarsen threshold 1843 Howl Bitmap #cards 512 size 80 coarsen threshold 460 Card regions per heap region 1 cards per card region 2048
 CPUs: 8 total, 8 available
 Memory: 8029M
 Large Page Support: Disabled
 NUMA Support: Disabled
 Compressed Oops: Enabled (32-bit)
 Heap Region Size: 1M
 Heap Min Capacity: 8M
 Heap Initial Capacity: 126M
 Heap Max Capacity: 2008M
 Pre-touch: Disabled
 Parallel Workers: 8
 Concurrent Workers: 2
 Concurrent Refinement Workers: 8
 Periodic GC: Disabled
Heap:
 garbage-first heap   total reserved 2056192K, committed 96256K, used 43621K [0x0000000082800000, 0x0000000100000000)
  region size 1024K, 10 young (10240K), 4 survivors (4096K)
 Metaspace       used 73716K, committed 74496K, reserved 1114112K
  class space    used 10165K, committed 10496K, reserved 1048576K
GC Heap History (20 events):
Event: 8.027 GC heap before
{Heap before GC invocations=11 (full 0):
 garbage-first heap   total reserved 2056192K, committed 64512K, used 55729K [0x0000000082800000, 0x0000000100000000)
  region size 1024K, 36 young (36864K), 4 survivors (4096K)
 Metaspace       used 51344K, committed 51968K, reserved 1114112K
  class space    used 6902K, committed 7168K, reserved 1048576K
}
Event: 8.037 GC heap after
{Heap after GC invocations=12 (full 0):
 garbage-first heap   total reserved 2056192K, committed 64512K, used 24921K [0x0000000082800000, 0x0000000100000000)
  region size 1024K, 5 young (5120K), 5 survivors (5120K)
 Metaspace       used 51344K, committed 51968K, reserved 1114112K
  class space    used 6902K, committed 7168K, reserved 1048576K
}
Event: 8.619 GC heap before
{Heap before GC invocations=12 (full 0):
 garbage-first heap   total reserved 2056192K, committed 64512K, used 53593K [0x0000000082800000, 0x0000000100000000)
  region size 1024K, 34 young (34816K), 5 survivors (5120K)
 Metaspace       used 59246K, committed 59904K, reserved 1114112K
  class space    used 8154K, committed 8448K, reserved 1048576K
}
Event: 8.628 GC heap after
{Heap after GC invocations=13 (full 0):
 garbage-first heap   total reserved 2056192K, committed 64512K, used 25575K [0x0000000082800000, 0x0000000100000000)
  region size 1024K, 3 young (3072K), 3 survivors (3072K)
 Metaspace       used 59246K, committed 59904K, reserved 1114112K
  class space    used 8154K, committed 8448K, reserved 1048576K
}
Event: 8.660 GC heap before
{Heap before GC invocations=13 (full 0):
 garbage-first heap   total reserved 2056192K, committed 64512K, used 25575K [0x0000000082800000, 0x0000000100000000)
  region size 1024K, 4 young (4096K), 3 survivors (3072K)
 Metaspace       used 59533K, committed 60160K, reserved 1114112K
  class space    used 8185K, committed 8448K, reserved 1048576K
}
Event: 8.665 GC heap after
{Heap after GC invocations=14 (full 0):
 garbage-first heap   total reserved 2056192K, committed 64512K, used 26140K [0x0000000082800000, 0x0000000100000000)
  region size 1024K, 2 young (2048K), 2 survivors (2048K)
 Metaspace       used 59533K, committed 60160K, reserved 1114112K
  class space    used 8185K, committed 8448K, reserved 1048576K
}
Event: 9.441 GC heap before
{Heap before GC invocations=15 (full 0):
 garbage-first heap   total reserved 2056192K, committed 64512K, used 56860K [0x0000000082800000, 0x0000000100000000)
  region size 1024K, 33 young (33792K), 2 survivors (2048K)
 Metaspace       used 66108K, committed 66816K, reserved 1114112K
  class space    used 9106K, committed 9408K, reserved 1048576K
}
Event: 9.450 GC heap after
{Heap after GC invocations=16 (full 0):
 garbage-first heap   total reserved 2056192K, committed 64512K, used 28543K [0x0000000082800000, 0x0000000100000000)
  region size 1024K, 4 young (4096K), 4 survivors (4096K)
 Metaspace       used 66108K, committed 66816K, reserved 1114112K
  class space    used 9106K, committed 9408K, reserved 1048576K
}
Event: 9.779 GC heap before
{Heap before GC invocations=16 (full 0):
 garbage-first heap   total reserved 2056192K, committed 64512K, used 56191K [0x0000000082800000, 0x0000000100000000)
  region size 1024K, 31 young (31744K), 4 survivors (4096K)
 Metaspace       used 67136K, committed 67840K, reserved 1114112K
  class space    used 9252K, committed 9600K, reserved 1048576K
}
Event: 9.789 GC heap after
{Heap after GC invocations=17 (full 0):
 garbage-first heap   total reserved 2056192K, committed 64512K, used 29838K [0x0000000082800000, 0x0000000100000000)
  region size 1024K, 2 young (2048K), 2 survivors (2048K)
 Metaspace       used 67136K, committed 67840K, reserved 1114112K
  class space    used 9252K, committed 9600K, reserved 1048576K
}
Event: 10.136 GC heap before
{Heap before GC invocations=17 (full 0):
 garbage-first heap   total reserved 2056192K, committed 64512K, used 57486K [0x0000000082800000, 0x0000000100000000)
  region size 1024K, 29 young (29696K), 2 survivors (2048K)
 Metaspace       used 67946K, committed 68672K, reserved 1114112K
  class space    used 9371K, committed 9664K, reserved 1048576K
}
Event: 10.144 GC heap after
{Heap after GC invocations=18 (full 0):
 garbage-first heap   total reserved 2056192K, committed 77824K, used 31241K [0x0000000082800000, 0x0000000100000000)
  region size 1024K, 3 young (3072K), 3 survivors (3072K)
 Metaspace       used 67946K, committed 68672K, reserved 1114112K
  class space    used 9371K, committed 9664K, reserved 1048576K
}
Event: 10.597 GC heap before
{Heap before GC invocations=18 (full 0):
 garbage-first heap   total reserved 2056192K, committed 77824K, used 69129K [0x0000000082800000, 0x0000000100000000)
  region size 1024K, 40 young (40960K), 3 survivors (3072K)
 Metaspace       used 69029K, committed 69760K, reserved 1114112K
  class space    used 9523K, committed 9856K, reserved 1048576K
}
Event: 10.607 GC heap after
{Heap after GC invocations=19 (full 0):
 garbage-first heap   total reserved 2056192K, committed 77824K, used 33397K [0x0000000082800000, 0x0000000100000000)
  region size 1024K, 4 young (4096K), 4 survivors (4096K)
 Metaspace       used 69029K, committed 69760K, reserved 1114112K
  class space    used 9523K, committed 9856K, reserved 1048576K
}
Event: 10.985 GC heap before
{Heap before GC invocations=19 (full 0):
 garbage-first heap   total reserved 2056192K, committed 77824K, used 68213K [0x0000000082800000, 0x0000000100000000)
  region size 1024K, 38 young (38912K), 4 survivors (4096K)
 Metaspace       used 69811K, committed 70592K, reserved 1114112K
  class space    used 9648K, committed 9984K, reserved 1048576K
}
Event: 11.001 GC heap after
{Heap after GC invocations=20 (full 0):
 garbage-first heap   total reserved 2056192K, committed 77824K, used 34779K [0x0000000082800000, 0x0000000100000000)
  region size 1024K, 4 young (4096K), 4 survivors (4096K)
 Metaspace       used 69811K, committed 70592K, reserved 1114112K
  class space    used 9648K, committed 9984K, reserved 1048576K
}
Event: 11.421 GC heap before
{Heap before GC invocations=20 (full 0):
 garbage-first heap   total reserved 2056192K, committed 77824K, used 67547K [0x0000000082800000, 0x0000000100000000)
  region size 1024K, 36 young (36864K), 4 survivors (4096K)
 Metaspace       used 71504K, committed 72320K, reserved 1114112K
  class space    used 9803K, committed 10176K, reserved 1048576K
}
Event: 11.432 GC heap after
{Heap after GC invocations=21 (full 0):
 garbage-first heap   total reserved 2056192K, committed 77824K, used 36384K [0x0000000082800000, 0x0000000100000000)
  region size 1024K, 4 young (4096K), 4 survivors (4096K)
 Metaspace       used 71504K, committed 72320K, reserved 1114112K
  class space    used 9803K, committed 10176K, reserved 1048576K
}
Event: 11.865 GC heap before
{Heap before GC invocations=21 (full 0):
 garbage-first heap   total reserved 2056192K, committed 77824K, used 67104K [0x0000000082800000, 0x0000000100000000)
  region size 1024K, 34 young (34816K), 4 survivors (4096K)
 Metaspace       used 73166K, committed 73920K, reserved 1114112K
  class space    used 10084K, committed 10432K, reserved 1048576K
}
Event: 11.877 GC heap after
{Heap after GC invocations=22 (full 0):
 garbage-first heap   total reserved 2056192K, committed 96256K, used 38501K [0x0000000082800000, 0x0000000100000000)
  region size 1024K, 4 young (4096K), 4 survivors (4096K)
 Metaspace       used 73166K, committed 73920K, reserved 1114112K
  class space    used 10084K, committed 10432K, reserved 1048576K
}

