# JRE version: OpenJDK Runtime Environment (22.0.1+8) (build 22.0.1+8-16)
# Java VM: OpenJDK 64-Bit Server VM (22.0.1+8-16, mixed mode, sharing, tiered, compressed oops, compressed class ptrs, g1 gc, windows-amd64)
GC Precious Log:
 CardTable entry size: 512
 Card Set container configuration: InlinePtr #cards 5 size 8 Array Of Cards #cards 12 size 40 Howl #buckets 4 coarsen threshold 1843 Howl Bitmap #cards 512 size 80 coarsen threshold 460 Card regions per heap region 1 cards per card region 2048
 CPUs: 8 total, 8 available
 Memory: 8029M
 Large Page Support: Disabled
 NUMA Support: Disabled
 Compressed Oops: Enabled (32-bit)
 Heap Region Size: 1M
 Heap Min Capacity: 8M
 Heap Initial Capacity: 126M
 Heap Max Capacity: 2008M
 Pre-touch: Disabled
 Parallel Workers: 8
 Concurrent Workers: 2
 Concurrent Refinement Workers: 8
 Periodic GC: Disabled
Heap:
 garbage-first heap   total reserved 2056192K, committed 152576K, used 97213K [0x0000000082800000, 0x0000000100000000)
  region size 1024K, 49 young (50176K), 6 survivors (6144K)
 Metaspace       used 85840K, committed 86720K, reserved 1179648K
  class space    used 11943K, committed 12352K, reserved 1048576K
GC Heap History (20 events):
Event: 11.003 GC heap before
{Heap before GC invocations=16 (full 0):
 garbage-first heap   total reserved 2056192K, committed 95232K, used 83157K [0x0000000082800000, 0x0000000100000000)
  region size 1024K, 49 young (50176K), 2 survivors (2048K)
 Metaspace       used 74207K, committed 74816K, reserved 1114112K
  class space    used 10157K, committed 10432K, reserved 1048576K
}
Event: 11.015 GC heap after
{Heap after GC invocations=17 (full 0):
 garbage-first heap   total reserved 2056192K, committed 95232K, used 39790K [0x0000000082800000, 0x0000000100000000)
  region size 1024K, 6 young (6144K), 6 survivors (6144K)
 Metaspace       used 74207K, committed 74816K, reserved 1114112K
  class space    used 10157K, committed 10432K, reserved 1048576K
}
Event: 11.595 GC heap before
{Heap before GC invocations=17 (full 0):
 garbage-first heap   total reserved 2056192K, committed 95232K, used 82798K [0x0000000082800000, 0x0000000100000000)
  region size 1024K, 48 young (49152K), 6 survivors (6144K)
 Metaspace       used 76646K, committed 77312K, reserved 1179648K
  class space    used 10485K, committed 10816K, reserved 1048576K
}
Event: 11.608 GC heap after
{Heap after GC invocations=18 (full 0):
 garbage-first heap   total reserved 2056192K, committed 95232K, used 41825K [0x0000000082800000, 0x0000000100000000)
  region size 1024K, 3 young (3072K), 3 survivors (3072K)
 Metaspace       used 76646K, committed 77312K, reserved 1179648K
  class space    used 10485K, committed 10816K, reserved 1048576K
}
Event: 12.212 GC heap before
{Heap before GC invocations=18 (full 0):
 garbage-first heap   total reserved 2056192K, committed 95232K, used 84833K [0x0000000082800000, 0x0000000100000000)
  region size 1024K, 45 young (46080K), 3 survivors (3072K)
 Metaspace       used 78430K, committed 79168K, reserved 1179648K
  class space    used 10741K, committed 11072K, reserved 1048576K
}
Event: 12.224 GC heap after
{Heap after GC invocations=19 (full 0):
 garbage-first heap   total reserved 2056192K, committed 95232K, used 43669K [0x0000000082800000, 0x0000000100000000)
  region size 1024K, 5 young (5120K), 5 survivors (5120K)
 Metaspace       used 78430K, committed 79168K, reserved 1179648K
  class space    used 10741K, committed 11072K, reserved 1048576K
}
Event: 12.506 GC heap before
{Heap before GC invocations=20 (full 0):
 garbage-first heap   total reserved 2056192K, committed 95232K, used 82581K [0x0000000082800000, 0x0000000100000000)
  region size 1024K, 43 young (44032K), 5 survivors (5120K)
 Metaspace       used 78594K, committed 79360K, reserved 1179648K
  class space    used 10806K, committed 11136K, reserved 1048576K
}
Event: 12.516 GC heap after
{Heap after GC invocations=21 (full 0):
 garbage-first heap   total reserved 2056192K, committed 95232K, used 44822K [0x0000000082800000, 0x0000000100000000)
  region size 1024K, 4 young (4096K), 4 survivors (4096K)
 Metaspace       used 78594K, committed 79360K, reserved 1179648K
  class space    used 10806K, committed 11136K, reserved 1048576K
}
Event: 12.847 GC heap before
{Heap before GC invocations=21 (full 0):
 garbage-first heap   total reserved 2056192K, committed 95232K, used 83734K [0x0000000082800000, 0x0000000100000000)
  region size 1024K, 42 young (43008K), 4 survivors (4096K)
 Metaspace       used 78963K, committed 79744K, reserved 1179648K
  class space    used 10895K, committed 11264K, reserved 1048576K
}
Event: 12.861 GC heap after
{Heap after GC invocations=22 (full 0):
 garbage-first heap   total reserved 2056192K, committed 114688K, used 46213K [0x0000000082800000, 0x0000000100000000)
  region size 1024K, 5 young (5120K), 5 survivors (5120K)
 Metaspace       used 78963K, committed 79744K, reserved 1179648K
  class space    used 10895K, committed 11264K, reserved 1048576K
}
Event: 13.322 GC heap before
{Heap before GC invocations=22 (full 0):
 garbage-first heap   total reserved 2056192K, committed 114688K, used 101509K [0x0000000082800000, 0x0000000100000000)
  region size 1024K, 59 young (60416K), 5 survivors (5120K)
 Metaspace       used 79826K, committed 80576K, reserved 1179648K
  class space    used 11024K, committed 11328K, reserved 1048576K
}
Event: 13.339 GC heap after
{Heap after GC invocations=23 (full 0):
 garbage-first heap   total reserved 2056192K, committed 114688K, used 48527K [0x0000000082800000, 0x0000000100000000)
  region size 1024K, 6 young (6144K), 6 survivors (6144K)
 Metaspace       used 79826K, committed 80576K, reserved 1179648K
  class space    used 11024K, committed 11328K, reserved 1048576K
}
Event: 13.842 GC heap before
{Heap before GC invocations=23 (full 0):
 garbage-first heap   total reserved 2056192K, committed 114688K, used 100751K [0x0000000082800000, 0x0000000100000000)
  region size 1024K, 57 young (58368K), 6 survivors (6144K)
 Metaspace       used 80764K, committed 81600K, reserved 1179648K
  class space    used 11149K, committed 11520K, reserved 1048576K
}
Event: 13.856 GC heap after
{Heap after GC invocations=24 (full 0):
 garbage-first heap   total reserved 2056192K, committed 114688K, used 49664K [0x0000000082800000, 0x0000000100000000)
  region size 1024K, 6 young (6144K), 6 survivors (6144K)
 Metaspace       used 80764K, committed 81600K, reserved 1179648K
  class space    used 11149K, committed 11520K, reserved 1048576K
}
Event: 14.317 GC heap before
{Heap before GC invocations=24 (full 0):
 garbage-first heap   total reserved 2056192K, committed 114688K, used 100864K [0x0000000082800000, 0x0000000100000000)
  region size 1024K, 56 young (57344K), 6 survivors (6144K)
 Metaspace       used 81443K, committed 82240K, reserved 1179648K
  class space    used 11279K, committed 11648K, reserved 1048576K
}
Event: 14.331 GC heap after
{Heap after GC invocations=25 (full 0):
 garbage-first heap   total reserved 2056192K, committed 114688K, used 51334K [0x0000000082800000, 0x0000000100000000)
  region size 1024K, 4 young (4096K), 4 survivors (4096K)
 Metaspace       used 81443K, committed 82240K, reserved 1179648K
  class space    used 11279K, committed 11648K, reserved 1048576K
}
Event: 14.757 GC heap before
{Heap before GC invocations=26 (full 0):
 garbage-first heap   total reserved 2056192K, committed 114688K, used 102534K [0x0000000082800000, 0x0000000100000000)
  region size 1024K, 54 young (55296K), 4 survivors (4096K)
 Metaspace       used 82137K, committed 82880K, reserved 1179648K
  class space    used 11391K, committed 11712K, reserved 1048576K
}
Event: 14.770 GC heap after
{Heap after GC invocations=27 (full 0):
 garbage-first heap   total reserved 2056192K, committed 114688K, used 53250K [0x0000000082800000, 0x0000000100000000)
  region size 1024K, 6 young (6144K), 6 survivors (6144K)
 Metaspace       used 82137K, committed 82880K, reserved 1179648K
  class space    used 11391K, committed 11712K, reserved 1048576K
}
Event: 15.083 GC heap before
{Heap before GC invocations=27 (full 0):
 garbage-first heap   total reserved 2056192K, committed 114688K, used 100354K [0x0000000082800000, 0x0000000100000000)
  region size 1024K, 52 young (53248K), 6 survivors (6144K)
 Metaspace       used 83129K, committed 83968K, reserved 1179648K
  class space    used 11550K, committed 11968K, reserved 1048576K
}
Event: 15.102 GC heap after
{Heap after GC invocations=28 (full 0):
 garbage-first heap   total reserved 2056192K, committed 152576K, used 54205K [0x0000000082800000, 0x0000000100000000)
  region size 1024K, 6 young (6144K), 6 survivors (6144K)
 Metaspace       used 83129K, committed 83968K, reserved 1179648K
  class space    used 11550K, committed 11968K, reserved 1048576K
}

